2026-03-02 16:17:26,824 - DEBUG - URL: https://restful-booker.herokuapp.com/auth | Status: 200 | Body: {"token":"53caf78dd9ce091"}
2026-03-02 16:17:28,346 - DEBUG - URL: https://restful-booker.herokuapp.com/auth | Status: 200 | Body: {"reason":"Bad credentials"}
2026-03-02 16:17:29,881 - DEBUG - URL: https://restful-booker.herokuapp.com/booking | Status: 200 | Body: {"bookingid":3288,"booking":{"firstname":"John","lastname":"Doe","totalprice":100,"depositpaid":true,"bookingdates":{"checkin":"2024-01-01","checkout":"2024-01-05"},"additionalneeds":"Breakfast"}}
2026-03-02 16:17:31,115 - DEBUG - URL: https://restful-booker.herokuapp.com/booking | Status: 200 | Body: {"bookingid":3300,"booking":{"firstname":"Jane","lastname":"Smith","totalprice":150,"depositpaid":false,"bookingdates":{"checkin":"2024-02-01","checkout":"2024-02-05"},"additionalneeds":"Breakfast"}}
2026-03-02 16:17:32,750 - DEBUG - URL: https://restful-booker.herokuapp.com/booking/3300 | Status: 200 | Body: {"firstname":"Jane","lastname":"Smith","totalprice":150,"depositpaid":false,"bookingdates":{"checkin":"2024-02-01","checkout":"2024-02-05"},"additionalneeds":"Breakfast"}
2026-03-02 16:17:34,187 - DEBUG - URL: https://restful-booker.herokuapp.com/booking | Status: 200 | Body: {"bookingid":3329,"booking":{"firstname":"John","lastname":"Doe","totalprice":100,"depositpaid":true,"bookingdates":{"checkin":"2024-01-01","checkout":"2024-01-05"},"additionalneeds":"Breakfast"}}
2026-03-02 16:17:35,723 - DEBUG - URL: https://restful-booker.herokuapp.com/auth | Status: 200 | Body: {"token":"ee9c147f8fe5bd0"}
2026-03-02 16:17:37,155 - DEBUG - URL: https://restful-booker.herokuapp.com/booking/3329 | Status: 200 | Body: {"firstname":"UpdatedJohn","lastname":"UpdatedDoe","totalprice":200,"depositpaid":false,"bookingdates":{"checkin":"2024-03-01","checkout":"2024-03-05"},"additionalneeds":"Lunch"}
2026-03-02 16:17:38,484 - DEBUG - URL: https://restful-booker.herokuapp.com/booking | Status: 200 | Body: {"bookingid":3364,"booking":{"firstname":"Alice","lastname":"Brown","totalprice":120,"depositpaid":true,"bookingdates":{"checkin":"2024-01-01","checkout":"2024-01-05"},"additionalneeds":"Breakfast"}}
2026-03-02 16:17:39,995 - DEBUG - URL: https://restful-booker.herokuapp.com/auth | Status: 200 | Body: {"token":"2fbdf8400b6a16b"}
2026-03-02 16:17:41,251 - DEBUG - URL: https://restful-booker.herokuapp.com/booking/3364 | Status: 200 | Body: {"firstname":"Alicia","lastname":"Brown","totalprice":250,"depositpaid":true,"bookingdates":{"checkin":"2024-01-01","checkout":"2024-01-05"},"additionalneeds":"Breakfast"}
2026-03-02 16:17:42,446 - DEBUG - URL: https://restful-booker.herokuapp.com/booking | Status: 200 | Body: {"bookingid":3397,"booking":{"firstname":"Bob","lastname":"Wilson","totalprice":180,"depositpaid":true,"bookingdates":{"checkin":"2024-01-01","checkout":"2024-01-05"},"additionalneeds":"Breakfast"}}
2026-03-02 16:17:43,815 - DEBUG - URL: https://restful-booker.herokuapp.com/auth | Status: 200 | Body: {"token":"82c72a1bb6ece6e"}
2026-03-02 16:17:45,147 - DEBUG - URL: https://restful-booker.herokuapp.com/booking/3397 | Status: 201 | Body: Created
2026-03-02 16:17:46,778 - DEBUG - URL: https://restful-booker.herokuapp.com/booking | Status: 200 | Body: {"bookingid":3430,"booking":{"firstname":"Charlie","lastname":"Davis","totalprice":130,"depositpaid":false,"bookingdates":{"checkin":"2024-01-01","checkout":"2024-01-05"},"additionalneeds":"Breakfast"}}
2026-03-02 16:17:48,418 - DEBUG - URL: https://restful-booker.herokuapp.com/auth | Status: 200 | Body: {"token":"843ce25590d11b3"}
2026-03-02 16:17:49,925 - DEBUG - URL: https://restful-booker.herokuapp.com/booking/3430 | Status: 201 | Body: Created
2026-03-02 16:17:51,204 - DEBUG - URL: https://restful-booker.herokuapp.com/booking/3430 | Status: 404 | Body: Not Found
2026-03-02 16:17:52,823 - DEBUG - URL: https://restful-booker.herokuapp.com/booking | Status: 200 | Body: {"bookingid":3481,"booking":{"firstname":"Eve","lastname":"Miller","totalprice":110,"depositpaid":true,"bookingdates":{"checkin":"2024-01-01","checkout":"2024-01-05"},"additionalneeds":"Breakfast"}}
2026-03-02 16:17:54,269 - DEBUG - URL: https://restful-booker.herokuapp.com/booking/3481 | Status: 403 | Body: Forbidden
2026-03-02 16:17:55,482 - DEBUG - URL: https://restful-booker.herokuapp.com/booking | Status: 200 | Body: {"bookingid":3510,"booking":{"firstname":"Frank","lastname":"Taylor","totalprice":160,"depositpaid":false,"bookingdates":{"checkin":"2024-01-01","checkout":"2024-01-05"},"additionalneeds":"Breakfast"}}
2026-03-02 16:17:59,319 - DEBUG - URL: https://restful-booker.herokuapp.com/booking/3510 | Status: 403 | Body: Forbidden
2026-03-02 16:18:00,608 - DEBUG - URL: https://restful-booker.herokuapp.com/booking | Status: 500 | Body: Internal Server Error
2026-03-02 16:18:01,944 - DEBUG - URL: https://restful-booker.herokuapp.com/booking | Status: 200 | Body: {"bookingid":3565,"booking":{"firstname":"John","lastname":"Doe","totalprice":100,"depositpaid":true,"bookingdates":{"checkin":"2024-01-01","checkout":"2024-01-05"},"additionalneeds":"Breakfast"}}
2026-03-02 16:18:03,273 - DEBUG - URL: https://restful-booker.herokuapp.com/booking/3565 | Status: 200 | Body: {"firstname":"John","lastname":"Doe","totalprice":100,"depositpaid":true,"bookingdates":{"checkin":"2024-01-01","checkout":"2024-01-05"},"additionalneeds":"Breakfast"}
2026-03-02 16:18:04,467 - DEBUG - URL: https://restful-booker.herokuapp.com/auth | Status: 200 | Body: {"token":"602bda72807d903"}
2026-03-02 16:18:05,994 - DEBUG - URL: https://restful-booker.herokuapp.com/booking/3565 | Status: 201 | Body: Created
2026-03-02 16:18:07,357 - DEBUG - URL: https://restful-booker.herokuapp.com/booking | Status: 200 | Body: {"bookingid":3610,"booking":{"firstname":"John","lastname":"Doe","totalprice":100,"depositpaid":true,"bookingdates":{"checkin":"2024-01-01","checkout":"2024-01-05"},"additionalneeds":"Breakfast"}}
2026-03-02 16:18:08,984 - DEBUG - URL: https://restful-booker.herokuapp.com/booking/3610 | Status: 200 | Body: {"firstname":"John","lastname":"Doe","totalprice":100,"depositpaid":true,"bookingdates":{"checkin":"2024-01-01","checkout":"2024-01-05"},"additionalneeds":"Breakfast"}
2026-03-02 16:18:10,294 - DEBUG - URL: https://restful-booker.herokuapp.com/booking | Status: 200 | Body: {"bookingid":3635,"booking":{"firstname":"TestUser","lastname":"Lifecycle","totalprice":250,"depositpaid":true,"bookingdates":{"checkin":"2024-05-01","checkout":"2024-05-10"},"additionalneeds":"WiFi"}}
2026-03-02 16:18:11,582 - DEBUG - URL: https://restful-booker.herokuapp.com/booking/3635 | Status: 200 | Body: {"firstname":"TestUser","lastname":"Lifecycle","totalprice":250,"depositpaid":true,"bookingdates":{"checkin":"2024-05-01","checkout":"2024-05-10"},"additionalneeds":"WiFi"}
2026-03-02 16:18:13,474 - DEBUG - URL: https://restful-booker.herokuapp.com/auth | Status: 200 | Body: {"token":"d736ab04989d6d0"}
2026-03-02 16:18:14,752 - DEBUG - URL: https://restful-booker.herokuapp.com/booking/3635 | Status: 200 | Body: {"firstname":"UpdatedUser","lastname":"UpdatedLifecycle","totalprice":300,"depositpaid":false,"bookingdates":{"checkin":"2024-06-01","checkout":"2024-06-10"},"additionalneeds":"WiFi + Parking"}
2026-03-02 16:18:16,068 - DEBUG - URL: https://restful-booker.herokuapp.com/booking/3635 | Status: 200 | Body: {"firstname":"FinalUser","lastname":"UpdatedLifecycle","totalprice":350,"depositpaid":false,"bookingdates":{"checkin":"2024-06-01","checkout":"2024-06-10"},"additionalneeds":"WiFi + Parking"}
2026-03-02 16:18:18,410 - DEBUG - URL: https://restful-booker.herokuapp.com/booking/3635 | Status: 201 | Body: Created
2026-03-02 16:18:19,684 - DEBUG - URL: https://restful-booker.herokuapp.com/booking/3635 | Status: 404 | Body: Not Found
